e:\cs\sfml\pang\pang\debug\pang.pch.codeanalysis
e:\cs\sfml\pang\pang\debug\vc141.pdb
e:\cs\sfml\pang\pang\debug\vc141.idb
e:\cs\sfml\pang\pang\debug\pang.pch.codeanalysisast
e:\cs\sfml\pang\pang\debug\stdafx.nativecodeanalysis.xml
e:\cs\sfml\pang\pang\debug\stdafx.obj
e:\cs\sfml\pang\pang\debug\game.nativecodeanalysis.xml
e:\cs\sfml\pang\pang\debug\gameball.nativecodeanalysis.xml
e:\cs\sfml\pang\pang\debug\gameobjectmanager.nativecodeanalysis.xml
e:\cs\sfml\pang\pang\debug\mainmenu.nativecodeanalysis.xml
e:\cs\sfml\pang\pang\debug\pang.nativecodeanalysis.xml
e:\cs\sfml\pang\pang\debug\playerpaddle.nativecodeanalysis.xml
e:\cs\sfml\pang\pang\debug\splashscreen.nativecodeanalysis.xml
e:\cs\sfml\pang\pang\debug\visiblegameobject.nativecodeanalysis.xml
e:\cs\sfml\pang\pang\debug\visiblegameobject.obj
e:\cs\sfml\pang\pang\debug\splashscreen.obj
e:\cs\sfml\pang\pang\debug\playerpaddle.obj
e:\cs\sfml\pang\pang\debug\pang.obj
e:\cs\sfml\pang\pang\debug\mainmenu.obj
e:\cs\sfml\pang\pang\debug\gameobjectmanager.obj
e:\cs\sfml\pang\pang\debug\gameball.obj
e:\cs\sfml\pang\pang\debug\game.obj
e:\cs\sfml\pang\debug\pang.ilk
e:\cs\sfml\pang\debug\pang.exe
e:\cs\sfml\pang\debug\pang.pdb
e:\cs\sfml\pang\pang\debug\nativecodeanalysis.read.1.tlog
e:\cs\sfml\pang\pang\debug\vc.nativecodeanalysis.all.xml
e:\cs\sfml\pang\debug\pang.exe.lastcodeanalysissucceeded
e:\cs\sfml\pang\pang\debug\pang.tlog\cl.command.1.tlog
e:\cs\sfml\pang\pang\debug\pang.tlog\cl.read.1.tlog
e:\cs\sfml\pang\pang\debug\pang.tlog\cl.write.1.tlog
e:\cs\sfml\pang\pang\debug\pang.tlog\link.command.1.tlog
e:\cs\sfml\pang\pang\debug\pang.tlog\link.read.1.tlog
e:\cs\sfml\pang\pang\debug\pang.tlog\link.write.1.tlog
